<?xml version="1.0" encoding="UTF-8"?>
<!-- Generated by org.testng.reporters.JUnitReportReporter -->
<testsuite hostname="Acer" failures="0" tests="3" name="TestPack.Test1" time="19.148" errors="0" timestamp="2023-09-15T07:26:25 IST" skipped="0">
  <testcase classname="TestPack.Test1" name="withValidCredential" time="9.304"/>
  <system-out/>
  <testcase classname="TestPack.Test1" name="withInValidEmail" time="4.736"/>
  <system-out/>
  <testcase classname="TestPack.Test1" name="withValidEmailAndWrongPassword" time="5.108"/>
  <system-out/>
</testsuite> <!-- TestPack.Test1 -->
